<?xml version="1.0" encoding="UTF-8"?>
<testsuite xmlns:xsi="http://www.w3.org/2001/XMLSchema-instance" xsi:noNamespaceSchemaLocation="https://maven.apache.org/surefire/maven-surefire-plugin/xsd/surefire-test-report.xsd" name="TestSuite" time="1.505" tests="6" errors="0" skipped="5" failures="1">
  <properties>
[...]
</properties>
  <testcase name="setUp" classname="com.onesports.tests.RegistrationTest" time="0.586">
    <failure type="java.lang.ExceptionInInitializerError">java.lang.ExceptionInInitializerError
Caused by: java.lang.RuntimeException: Failed to load config.properties
</failure>
  </testcase>
  <testcase name="setUp" classname="com.onesports.tests.RegistrationTest" time="0">
    <skipped/>
  </testcase>
  <testcase name="registerExistingEnquiryRecordTest" classname="com.onesports.tests.RegistrationTest" time="0">
    <skipped/>
  </testcase>
  <testcase name="tearDown" classname="com.onesports.tests.RegistrationTest" time="0">
    <skipped/>
  </testcase>
  <testcase name="tearDown" classname="com.onesports.tests.RegistrationTest" time="0">
    <skipped/>
  </testcase>
  <testcase name="registerUserTest" classname="com.onesports.tests.RegistrationTest" time="0">
    <skipped/>
  </testcase>
</testsuite>