-------------------------------------------------------------------------------
Test set: TestSuite
-------------------------------------------------------------------------------
Tests run: 8, Failures: 1, Errors: 0, Skipped: 0, Time elapsed: 31.646 s <<< FAILURE! - in TestSuite
verifySessionCreatedAfterLogin(com.onesports.tests.LoginTest)  Time elapsed: 1.779 s  <<< FAILURE!
org.openqa.selenium.StaleElementReferenceException: 
stale element reference: stale element not found in the current frame
  (Session info: chrome=148.0.7778.179)
For documentation on this error, please visit: https://www.selenium.dev/documentation/webdriver/troubleshooting/errors#stale-element-reference-exception
Build info: version: '4.27.0', revision: 'd6e718d134'
System info: os.name: 'Windows 11', os.arch: 'amd64', os.version: '10.0', java.version: '21'
Driver info: org.openqa.selenium.chrome.ChromeDriver
Command: [d2d9890b59812caea2470f51dd577de7, isElementDisplayed {id=f.594D1FDCD0D4AD772D739265B052922C.d.9DEBCD49FA43A0E7F2861130D758EED9.e.8}]
Capabilities {acceptInsecureCerts: false, browserName: chrome, browserVersion: 148.0.7778.179, chrome: {chromedriverVersion: 148.0.7778.178 (d096af1c9e9..., userDataDir: /tmp/chrome-1779701109037}, fedcm:accounts: true, goog:chromeOptions: {debuggerAddress: localhost:62611}, goog:processID: 26792, networkConnectionEnabled: false, pageLoadStrategy: normal, platformName: windows, proxy: Proxy(), se:cdp: ws://localhost:62611/devtoo..., se:cdpVersion: 148.0.7778.179, setWindowRect: true, strictFileInteractability: false, timeouts: {implicit: 0, pageLoad: 300000, script: 30000}, unhandledPromptBehavior: dismiss and notify, webauthn:extension:credBlob: true, webauthn:extension:largeBlob: true, webauthn:extension:minPinLength: true, webauthn:extension:prf: true, webauthn:virtualAuthenticators: true}
Element: [[ChromeDriver: chrome on windows (d2d9890b59812caea2470f51dd577de7)] -> css selector: input[formcontrolname='email']]
Session ID: d2d9890b59812caea2470f51dd577de7
	at com.onesports.tests.LoginTest.verifySessionCreatedAfterLogin(LoginTest.java:90)

