<?xml version="1.0" encoding="UTF-8"?>
<!-- Generated by org.testng.reporters.JUnitXMLReporter -->
<testsuite ignored="0" hostname="S1SPL" failures="2" tests="12" name="AllTests" time="61.266" errors="0" timestamp="2026-06-09T17:33:55 IST">
  <testcase classname="com.onesports.tests.LoginTest" name="validLoginTestwithEmailAndPassword" time="1.886"/>
  <testcase classname="com.onesports.tests.LoginTest" name="validLoginTestwithMobileAndPassword" time="1.858"/>
  <testcase classname="com.onesports.tests.LoginTest" name="verifyLoginButtonIsClickable" time="1.354"/>
  <testcase classname="com.onesports.tests.LoginTest" name="verifyLoginPageLoadsAndLogoDisplayed" time="1.363"/>
  <testcase classname="com.onesports.tests.LoginTest" name="verifyLogout" time="2.738"/>
  <testcase classname="com.onesports.tests.LoginTest" name="verifyMandatoryFieldsVisible" time="2.397"/>
  <testcase classname="com.onesports.tests.RegistrationTest" name="registerUserToFillApplication" time="15.252">
    <failure type="org.openqa.selenium.NoSuchSessionException" message="invalid session id: session deleted as the browser has closed the connection
from disconnected: not connected to DevTools
  (Session info: chrome=148.0.7778.217)
Build info: version: &amp;apos;4.27.0&amp;apos;, revision: &amp;apos;d6e718d134&amp;apos;
System info: os.name: &amp;apos;Windows 11&amp;apos;, os.arch: &amp;apos;amd64&amp;apos;, os.version: &amp;apos;10.0&amp;apos;, java.version: &amp;apos;21&amp;apos;
Driver info: org.openqa.selenium.chrome.ChromeDriver
Command: [440308ddcc2ab7bc9f62750df9686cc4, executeScript {args=[], script=return document.body.scrollHeight}]
Capabilities {acceptInsecureCerts: false, browserName: chrome, browserVersion: 148.0.7778.217, chrome: {chromedriverVersion: 148.0.7778.178 (d096af1c9e9..., userDataDir: /tmp/chrome-1781006593611}, fedcm:accounts: true, goog:chromeOptions: {debuggerAddress: localhost:57135}, goog:processID: 3988, networkConnectionEnabled: false, pageLoadStrategy: normal, platformName: windows, proxy: Proxy(), se:cdp: ws://localhost:57135/devtoo..., se:cdpVersion: 148.0.7778.217, setWindowRect: true, strictFileInteractability: false, timeouts: {implicit: 0, pageLoad: 300000, script: 30000}, unhandledPromptBehavior: dismiss and notify, webauthn:extension:credBlob: true, webauthn:extension:largeBlob: true, webauthn:extension:minPinLength: true, webauthn:extension:prf: true, webauthn:virtualAuthenticators: true}
Session ID: 440308ddcc2ab7bc9f62750df9686cc4">
      <![CDATA[org.openqa.selenium.NoSuchSessionException: invalid session id: session deleted as the browser has closed the connection
from disconnected: not connected to DevTools
  (Session info: chrome=148.0.7778.217)
Build info: version: '4.27.0', revision: 'd6e718d134'
System info: os.name: 'Windows 11', os.arch: 'amd64', os.version: '10.0', java.version: '21'
Driver info: org.openqa.selenium.chrome.ChromeDriver
Command: [440308ddcc2ab7bc9f62750df9686cc4, executeScript {args=[], script=return document.body.scrollHeight}]
Capabilities {acceptInsecureCerts: false, browserName: chrome, browserVersion: 148.0.7778.217, chrome: {chromedriverVersion: 148.0.7778.178 (d096af1c9e9..., userDataDir: /tmp/chrome-1781006593611}, fedcm:accounts: true, goog:chromeOptions: {debuggerAddress: localhost:57135}, goog:processID: 3988, networkConnectionEnabled: false, pageLoadStrategy: normal, platformName: windows, proxy: Proxy(), se:cdp: ws://localhost:57135/devtoo..., se:cdpVersion: 148.0.7778.217, setWindowRect: true, strictFileInteractability: false, timeouts: {implicit: 0, pageLoad: 300000, script: 30000}, unhandledPromptBehavior: dismiss and notify, webauthn:extension:credBlob: true, webauthn:extension:largeBlob: true, webauthn:extension:minPinLength: true, webauthn:extension:prf: true, webauthn:virtualAuthenticators: true}
Session ID: 440308ddcc2ab7bc9f62750df9686cc4
at org.openqa.selenium.remote.ErrorCodec.decode(ErrorCodec.java:167)
at org.openqa.selenium.remote.codec.w3c.W3CHttpResponseCodec.decode(W3CHttpResponseCodec.java:138)
at org.openqa.selenium.remote.codec.w3c.W3CHttpResponseCodec.decode(W3CHttpResponseCodec.java:50)
at org.openqa.selenium.remote.HttpCommandExecutor.execute(HttpCommandExecutor.java:190)
at org.openqa.selenium.remote.service.DriverCommandExecutor.invokeExecute(DriverCommandExecutor.java:216)
at org.openqa.selenium.remote.service.DriverCommandExecutor.execute(DriverCommandExecutor.java:174)
at org.openqa.selenium.remote.RemoteWebDriver.execute(RemoteWebDriver.java:545)
at org.openqa.selenium.remote.RemoteWebDriver.executeScript(RemoteWebDriver.java:476)
at com.onesports.utilities.Utils.scrollToBottomOfPageFully(Utils.java:143)
at com.onesports.pageObjects.StudentDetails1stStep.clickMakePayment(StudentDetails1stStep.java:314)
at com.onesports.pageObjects.StudentDetails1stStep.fillBasicDetails(StudentDetails1stStep.java:337)
at com.onesports.tests.RegistrationTest.registerUserToFillApplication(RegistrationTest.java:125)
at java.base/java.util.ArrayList.forEach(ArrayList.java:1596)
... Removed 32 stack frames]]>
    </failure>
  </testcase> <!-- registerUserToFillApplication -->
  <testcase classname="com.onesports.tests.RegistrationTest" name="registerValidNewUser" time="14.87">
    <failure type="org.openqa.selenium.NoSuchWindowException" message="no such window: target window already closed
from unknown error: web view not found
  (Session info: chrome=148.0.7778.217)
Build info: version: &amp;apos;4.27.0&amp;apos;, revision: &amp;apos;d6e718d134&amp;apos;
System info: os.name: &amp;apos;Windows 11&amp;apos;, os.arch: &amp;apos;amd64&amp;apos;, os.version: &amp;apos;10.0&amp;apos;, java.version: &amp;apos;21&amp;apos;
Driver info: org.openqa.selenium.chrome.ChromeDriver
Command: [005064867f57c69559fd8d2d84878674, findElement {value=//span[contains(text(),&amp;apos;Verify Phone&amp;apos;)], using=xpath}]
Capabilities {acceptInsecureCerts: false, browserName: chrome, browserVersion: 148.0.7778.217, chrome: {chromedriverVersion: 148.0.7778.178 (d096af1c9e9..., userDataDir: /tmp/chrome-1781006610708}, fedcm:accounts: true, goog:chromeOptions: {debuggerAddress: localhost:60832}, goog:processID: 9348, networkConnectionEnabled: false, pageLoadStrategy: normal, platformName: windows, proxy: Proxy(), se:cdp: ws://localhost:60832/devtoo..., se:cdpVersion: 148.0.7778.217, setWindowRect: true, strictFileInteractability: false, timeouts: {implicit: 0, pageLoad: 300000, script: 30000}, unhandledPromptBehavior: dismiss and notify, webauthn:extension:credBlob: true, webauthn:extension:largeBlob: true, webauthn:extension:minPinLength: true, webauthn:extension:prf: true, webauthn:virtualAuthenticators: true}
Session ID: 005064867f57c69559fd8d2d84878674">
      <![CDATA[org.openqa.selenium.NoSuchWindowException: no such window: target window already closed
from unknown error: web view not found
  (Session info: chrome=148.0.7778.217)
Build info: version: '4.27.0', revision: 'd6e718d134'
System info: os.name: 'Windows 11', os.arch: 'amd64', os.version: '10.0', java.version: '21'
Driver info: org.openqa.selenium.chrome.ChromeDriver
Command: [005064867f57c69559fd8d2d84878674, findElement {value=//span[contains(text(),'Verify Phone')], using=xpath}]
Capabilities {acceptInsecureCerts: false, browserName: chrome, browserVersion: 148.0.7778.217, chrome: {chromedriverVersion: 148.0.7778.178 (d096af1c9e9..., userDataDir: /tmp/chrome-1781006610708}, fedcm:accounts: true, goog:chromeOptions: {debuggerAddress: localhost:60832}, goog:processID: 9348, networkConnectionEnabled: false, pageLoadStrategy: normal, platformName: windows, proxy: Proxy(), se:cdp: ws://localhost:60832/devtoo..., se:cdpVersion: 148.0.7778.217, setWindowRect: true, strictFileInteractability: false, timeouts: {implicit: 0, pageLoad: 300000, script: 30000}, unhandledPromptBehavior: dismiss and notify, webauthn:extension:credBlob: true, webauthn:extension:largeBlob: true, webauthn:extension:minPinLength: true, webauthn:extension:prf: true, webauthn:virtualAuthenticators: true}
Session ID: 005064867f57c69559fd8d2d84878674
at org.openqa.selenium.remote.ErrorCodec.decode(ErrorCodec.java:167)
at org.openqa.selenium.remote.codec.w3c.W3CHttpResponseCodec.decode(W3CHttpResponseCodec.java:138)
at org.openqa.selenium.remote.codec.w3c.W3CHttpResponseCodec.decode(W3CHttpResponseCodec.java:50)
at org.openqa.selenium.remote.HttpCommandExecutor.execute(HttpCommandExecutor.java:190)
at org.openqa.selenium.remote.service.DriverCommandExecutor.invokeExecute(DriverCommandExecutor.java:216)
at org.openqa.selenium.remote.service.DriverCommandExecutor.execute(DriverCommandExecutor.java:174)
at org.openqa.selenium.remote.RemoteWebDriver.execute(RemoteWebDriver.java:545)
at org.openqa.selenium.remote.ElementLocation$ElementFinder$2.findElement(ElementLocation.java:165)
at org.openqa.selenium.remote.ElementLocation.findElement(ElementLocation.java:59)
at org.openqa.selenium.remote.RemoteWebDriver.findElement(RemoteWebDriver.java:368)
at org.openqa.selenium.remote.RemoteWebDriver.findElement(RemoteWebDriver.java:362)
at org.openqa.selenium.support.pagefactory.DefaultElementLocator.findElement(DefaultElementLocator.java:68)
at org.openqa.selenium.support.pagefactory.internal.LocatingElementHandler.invoke(LocatingElementHandler.java:38)
at jdk.proxy2/jdk.proxy2.$Proxy9.toString(Unknown Source)
at java.base/java.lang.String.valueOf(String.java:4461)
at org.openqa.selenium.support.ui.ExpectedConditions$23.toString(ExpectedConditions.java:669)
at java.base/java.lang.String.valueOf(String.java:4461)
at org.openqa.selenium.support.ui.FluentWait.until(FluentWait.java:225)
at com.onesports.pageObjects.RegistrationPage.waitForClickable(RegistrationPage.java:132)
at com.onesports.pageObjects.RegistrationPage.clickVerifyMobile(RegistrationPage.java:185)
at com.onesports.pageObjects.RegistrationPage.verifyMobileOTP(RegistrationPage.java:278)
at com.onesports.tests.RegistrationTest.registerValidNewUser(RegistrationTest.java:103)
at java.base/java.util.ArrayList.forEach(ArrayList.java:1596)
... Removed 32 stack frames]]>
    </failure>
  </testcase> <!-- registerValidNewUser -->
  <testcase classname="com.onesports.tests.RegistrationTest" name="verifyRegistrationPageLoads" time="1.109"/>
  <testcase classname="com.onesports.tests.RegistrationTest" name="verifyMandatoryFieldsVisible" time="1.692"/>
  <testcase classname="com.onesports.tests.RegistrationTest" name="verifyCourseDropdownSelectable" time="1.35"/>
  <testcase classname="com.onesports.tests.RegistrationTest" name="verifySpecializationDependency" time="1.321"/>
</testsuite> <!-- AllTests -->
