<?xml version="1.0" encoding="UTF-8"?>
<!-- Generated by org.testng.reporters.JUnitXMLReporter -->
<testsuite ignored="0" hostname="S1SPL" failures="1" tests="8" name="LoginTest" time="30.692" errors="0" timestamp="2026-05-25T14:55:16 IST">
  <testcase classname="com.onesports.tests.LoginTest" name="validLoginTestwithEmailAndPassword" time="2.549"/>
  <testcase classname="com.onesports.tests.LoginTest" name="validLoginTestwithMobileAndPassword" time="2.066"/>
  <testcase classname="com.onesports.tests.LoginTest" name="verifyLoginButtonIsClickable" time="1.826"/>
  <testcase classname="com.onesports.tests.LoginTest" name="verifyLoginPageLoadsAndLogoDisplayed" time="3.071"/>
  <testcase classname="com.onesports.tests.LoginTest" name="verifyLogout" time="2.91"/>
  <testcase classname="com.onesports.tests.LoginTest" name="verifyMandatoryFieldsVisible" time="2.253"/>
  <testcase classname="com.onesports.tests.LoginTest" name="verifySessionCreatedAfterLogin" time="1.775">
    <failure type="org.openqa.selenium.StaleElementReferenceException" message="stale element reference: stale element not found in the current frame
  (Session info: chrome=148.0.7778.179)
For documentation on this error, please visit: https://www.selenium.dev/documentation/webdriver/troubleshooting/errors#stale-element-reference-exception
Build info: version: &amp;apos;4.27.0&amp;apos;, revision: &amp;apos;d6e718d134&amp;apos;
System info: os.name: &amp;apos;Windows 11&amp;apos;, os.arch: &amp;apos;amd64&amp;apos;, os.version: &amp;apos;10.0&amp;apos;, java.version: &amp;apos;21&amp;apos;
Driver info: org.openqa.selenium.chrome.ChromeDriver
Command: [d2d9890b59812caea2470f51dd577de7, isElementDisplayed {id=f.594D1FDCD0D4AD772D739265B052922C.d.9DEBCD49FA43A0E7F2861130D758EED9.e.8}]
Capabilities {acceptInsecureCerts: false, browserName: chrome, browserVersion: 148.0.7778.179, chrome: {chromedriverVersion: 148.0.7778.178 (d096af1c9e9..., userDataDir: /tmp/chrome-1779701109037}, fedcm:accounts: true, goog:chromeOptions: {debuggerAddress: localhost:62611}, goog:processID: 26792, networkConnectionEnabled: false, pageLoadStrategy: normal, platformName: windows, proxy: Proxy(), se:cdp: ws://localhost:62611/devtoo..., se:cdpVersion: 148.0.7778.179, setWindowRect: true, strictFileInteractability: false, timeouts: {implicit: 0, pageLoad: 300000, script: 30000}, unhandledPromptBehavior: dismiss and notify, webauthn:extension:credBlob: true, webauthn:extension:largeBlob: true, webauthn:extension:minPinLength: true, webauthn:extension:prf: true, webauthn:virtualAuthenticators: true}
Element: [[ChromeDriver: chrome on windows (d2d9890b59812caea2470f51dd577de7)] -&amp;gt; css selector: input[formcontrolname=&amp;apos;email&amp;apos;]]
Session ID: d2d9890b59812caea2470f51dd577de7">
      <![CDATA[org.openqa.selenium.StaleElementReferenceException: stale element reference: stale element not found in the current frame
  (Session info: chrome=148.0.7778.179)
For documentation on this error, please visit: https://www.selenium.dev/documentation/webdriver/troubleshooting/errors#stale-element-reference-exception
Build info: version: '4.27.0', revision: 'd6e718d134'
System info: os.name: 'Windows 11', os.arch: 'amd64', os.version: '10.0', java.version: '21'
Driver info: org.openqa.selenium.chrome.ChromeDriver
Command: [d2d9890b59812caea2470f51dd577de7, isElementDisplayed {id=f.594D1FDCD0D4AD772D739265B052922C.d.9DEBCD49FA43A0E7F2861130D758EED9.e.8}]
Capabilities {acceptInsecureCerts: false, browserName: chrome, browserVersion: 148.0.7778.179, chrome: {chromedriverVersion: 148.0.7778.178 (d096af1c9e9..., userDataDir: /tmp/chrome-1779701109037}, fedcm:accounts: true, goog:chromeOptions: {debuggerAddress: localhost:62611}, goog:processID: 26792, networkConnectionEnabled: false, pageLoadStrategy: normal, platformName: windows, proxy: Proxy(), se:cdp: ws://localhost:62611/devtoo..., se:cdpVersion: 148.0.7778.179, setWindowRect: true, strictFileInteractability: false, timeouts: {implicit: 0, pageLoad: 300000, script: 30000}, unhandledPromptBehavior: dismiss and notify, webauthn:extension:credBlob: true, webauthn:extension:largeBlob: true, webauthn:extension:minPinLength: true, webauthn:extension:prf: true, webauthn:virtualAuthenticators: true}
Element: [[ChromeDriver: chrome on windows (d2d9890b59812caea2470f51dd577de7)] -> css selector: input[formcontrolname='email']]
Session ID: d2d9890b59812caea2470f51dd577de7
at org.openqa.selenium.remote.ErrorCodec.decode(ErrorCodec.java:167)
at org.openqa.selenium.remote.codec.w3c.W3CHttpResponseCodec.decode(W3CHttpResponseCodec.java:138)
at org.openqa.selenium.remote.codec.w3c.W3CHttpResponseCodec.decode(W3CHttpResponseCodec.java:50)
at org.openqa.selenium.remote.HttpCommandExecutor.execute(HttpCommandExecutor.java:190)
at org.openqa.selenium.remote.service.DriverCommandExecutor.invokeExecute(DriverCommandExecutor.java:216)
at org.openqa.selenium.remote.service.DriverCommandExecutor.execute(DriverCommandExecutor.java:174)
at org.openqa.selenium.remote.RemoteWebDriver.execute(RemoteWebDriver.java:545)
at org.openqa.selenium.remote.RemoteWebElement.execute(RemoteWebElement.java:223)
at org.openqa.selenium.remote.RemoteWebElement.isDisplayed(RemoteWebElement.java:282)
at org.openqa.selenium.support.pagefactory.internal.LocatingElementHandler.invoke(LocatingElementHandler.java:51)
at jdk.proxy2/jdk.proxy2.$Proxy10.isDisplayed(Unknown Source)
at org.openqa.selenium.support.ui.ExpectedConditions.elementIfVisible(ExpectedConditions.java:304)
at org.openqa.selenium.support.ui.ExpectedConditions$10.apply(ExpectedConditions.java:290)
at org.openqa.selenium.support.ui.ExpectedConditions$10.apply(ExpectedConditions.java:287)
at org.openqa.selenium.support.ui.FluentWait.until(FluentWait.java:203)
at com.onesports.utilities.Utils.waitForElementToBeVisiblee(Utils.java:177)
at com.onesports.pageObjects.LoginPage.login(LoginPage.java:60)
at com.onesports.tests.LoginTest.verifySessionCreatedAfterLogin(LoginTest.java:90)
at java.base/java.util.ArrayList.forEach(ArrayList.java:1596)
... Removed 34 stack frames]]>
    </failure>
  </testcase> <!-- verifySessionCreatedAfterLogin -->
  <testcase classname="com.onesports.tests.LoginTest" name="verifyRedirectToLoginPageAfterSessionExpiry" time="2.292"/>
</testsuite> <!-- LoginTest -->
