<?xml version="1.0" encoding="UTF-8"?>
<!-- Generated by org.testng.reporters.JUnitXMLReporter -->
<testsuite ignored="0" hostname="S1SPL" failures="0" tests="2" name="RegistrationTests" time="0.426" errors="0" timestamp="2026-04-30T17:08:40 IST">
  <testcase classname="com.onesports.base.BaseTest" name="@BeforeMethod setUp" time="0.011">
    <failure type="java.lang.ExceptionInInitializerError">
      <![CDATA[java.lang.ExceptionInInitializerError
at com.onesports.base.BaseTest.setUp(BaseTest.java:24)
at java.base/java.util.ArrayList.forEach(ArrayList.java:1596)
Caused by: java.lang.RuntimeException: Failed to load config.properties
at com.onesports.resources.ConfigManager.<clinit>(ConfigManager.java:16)
... 35 more
... Removed 33 stack frames]]>
    </failure>
  </testcase> <!-- @BeforeMethod setUp -->
  <testcase classname="com.onesports.base.BaseTest" name="@AfterMethod tearDown" time="0.0">
    <skipped/>
  </testcase> <!-- @AfterMethod tearDown -->
  <testcase classname="com.onesports.base.BaseTest" name="@BeforeMethod setUp" time="0.0">
    <skipped/>
  </testcase> <!-- @BeforeMethod setUp -->
  <testcase classname="com.onesports.base.BaseTest" name="@AfterMethod tearDown" time="0.0">
    <skipped/>
  </testcase> <!-- @AfterMethod tearDown -->
  <testcase classname="com.onesports.tests.RegistrationTest" name="registerExistingEnquiryRecordTest" time="0.0">
    <skipped/>
  </testcase> <!-- registerExistingEnquiryRecordTest -->
  <testcase classname="com.onesports.tests.RegistrationTest" name="registerUserTest" time="0.002">
    <skipped/>
  </testcase> <!-- registerUserTest -->
</testsuite> <!-- RegistrationTests -->
